<?xml version="1.0" encoding="UTF-8"?>
<!-- Generated by org.testng.reporters.JUnitXMLReporter -->
<testsuite ignored="0" hostname="LAPTOP-7ON8U4QB" failures="1" tests="2" name="Error Validations Test" time="26.156" errors="0" timestamp="2025-06-02T21:44:18 IST">
  <testcase classname="Automation.Tests.ErrorValidationTest" name="loginErrorValidation" time="0.865">
    <failure type="java.lang.AssertionError" message="expected [Incorrect email or password.] but found [Incorrect email and password.]">
      <![CDATA[java.lang.AssertionError: expected [Incorrect email or password.] but found [Incorrect email and password.]
at Automation.Tests.ErrorValidationTest.loginErrorValidation(ErrorValidationTest.java:22)
at java.base/java.util.ArrayList.forEach(ArrayList.java:1597)
at java.base/java.util.concurrent.FutureTask.run(FutureTask.java:317)
at java.base/java.util.concurrent.ThreadPoolExecutor.runWorker(ThreadPoolExecutor.java:1144)
at java.base/java.util.concurrent.ThreadPoolExecutor$Worker.run(ThreadPoolExecutor.java:642)
at java.base/java.lang.Thread.run(Thread.java:1575)
... Removed 21 stack frames]]>
    </failure>
  </testcase> <!-- loginErrorValidation -->
  <testcase classname="Automation.Tests.ErrorValidationTest" name="productErrorValidation" time="13.429"/>
</testsuite> <!-- Error Validations Test -->
