<?xml version="1.0" encoding="UTF-8"?>
<!-- Generated by org.testng.reporters.JUnitXMLReporter -->
<testsuite ignored="0" hostname="LAPTOP-7ON8U4QB" failures="1" tests="2" name="Error Validations Test" time="34.477" errors="0" timestamp="2025-06-01T21:42:21 IST">
  <testcase classname="Automation.Tests.ErrorValidationTest" name="loginErrorValidation" time="0.512">
    <failure type="java.lang.AssertionError" message="expected [Incorrect email or password.] but found [Incorrect email and password.]">
      <![CDATA[java.lang.AssertionError: expected [Incorrect email or password.] but found [Incorrect email and password.]
at Automation.Tests.ErrorValidationTest.loginErrorValidation(ErrorValidationTest.java:22)
at java.base/java.util.ArrayList.forEach(ArrayList.java:1511)
at java.base/java.util.concurrent.FutureTask.run(FutureTask.java:264)
at java.base/java.util.concurrent.ThreadPoolExecutor.runWorker(ThreadPoolExecutor.java:1136)
at java.base/java.util.concurrent.ThreadPoolExecutor$Worker.run(ThreadPoolExecutor.java:635)
at java.base/java.lang.Thread.run(Thread.java:842)
... Removed 23 stack frames]]>
    </failure>
  </testcase> <!-- loginErrorValidation -->
  <testcase classname="Automation.Tests.ErrorValidationTest" name="productErrorValidation" time="13.537"/>
</testsuite> <!-- Error Validations Test -->
